[2016-11-16 23:11:36] START
[2016-11-16 23:25:43] EDIT app2/models/db.py: 0
[2016-11-16 23:38:40] EDIT app2/models/menu.py: -105
[2016-11-16 23:39:17] EDIT app2/models/menu.py: 0
[2016-11-16 23:39:33] EDIT app2/models/menu.py: 0
[2016-11-16 23:39:38] EDIT app2/models/menu.py: 0
[2016-11-16 23:39:38] EDIT app2/models/menu.py: 0
[2016-11-16 23:39:48] EDIT app2/models/menu.py: 105
[2016-11-16 23:40:05] EDIT app2/models/menu.py: -103
[2016-11-16 23:40:26] EDIT app2/models/menu.py: 0
[2016-11-16 23:40:41] EDIT app2/models/menu.py: 0
[2016-11-16 23:41:10] EDIT app2/models/menu.py: 0
[2016-11-16 23:41:17] EDIT app2/models/menu.py: 0
[2016-11-16 23:42:29] EDIT app2/models/menu.py: -1
[2016-11-16 23:43:18] EDIT app2/models/menu.py: -2
[2016-11-16 23:43:57] EDIT app2/models/menu.py: 1
[2016-11-16 23:45:17] EDIT app2/models/menu.py: 0
[2016-11-16 23:48:43] EDIT app2/models/menu.py: 1
[2016-11-16 23:49:32] EDIT app2/models/menu.py: 0
[2016-11-16 23:50:14] EDIT app2/models/menu.py: 0
[2016-11-16 23:50:14] EDIT app2/models/menu.py: 0
[2016-11-16 23:53:57] CREATE db1.py: 0
[2016-11-16 23:55:52] EDIT app2/models/db1.py: 1
[2016-11-17 00:09:49] EDIT app2/models/db1.py: 3
[2016-11-17 00:10:30] EDIT app2/models/db1.py: 0
[2016-11-17 00:11:12] EDIT app2/models/db1.py: 0
[2016-11-17 00:16:11] EDIT app2/models/db.py: -3
[2016-11-17 00:16:11] EDIT app2/models/db.py: 0
[2016-11-17 00:18:05] EDIT app2/models/db.py: 3
[2016-11-17 00:18:05] EDIT app2/models/db.py: 0
[2016-11-17 00:18:43] EDIT app2/models/db.py: 1
[2016-11-17 00:20:12] EDIT app2/models/db.py: -1
[2016-11-17 00:21:23] EDIT app2/models/db.py: -3
[2016-11-17 00:21:24] EDIT app2/models/db.py: 0
[2016-11-17 00:26:53] EDIT app2/models/db.py: 3
[2016-11-17 00:26:54] EDIT app2/models/db.py: 0
[2016-11-17 00:26:54] EDIT app2/models/db.py: 0
[2016-11-17 00:28:48] EDIT app2/models/db.py: -3
[2016-11-17 00:29:16] EDIT app2/models/db1.py: 0
[2016-11-17 00:31:01] EDIT app2/models/db.py: 0
[2016-11-17 00:35:56] EDIT app2/models/db.py: 0
[2016-11-17 00:36:19] EDIT app2/models/db.py: 0
[2016-11-17 00:36:50] EDIT app2/models/db1.py: 1
[2016-11-17 00:37:22] EDIT app2/models/db1.py: 0
[2016-11-17 00:38:48] EDIT app2/models/db.py: 0
[2016-11-17 00:40:07] EDIT app2/models/db1.py: -1
[2016-11-17 00:43:34] EDIT app2/controllers/default.py: -6
[2016-11-17 00:45:11] EDIT app2/views/default/index.html: -48
[2016-11-17 00:45:20] EDIT app2/views/default/index.html: 1
[2016-11-17 00:47:31] EDIT app2/controllers/default.py: 0
[2016-11-17 00:47:57] EDIT app2/controllers/default.py: 0
[2016-11-17 00:48:11] EDIT app2/controllers/default.py: 0
[2016-11-17 00:48:13] EDIT app2/controllers/default.py: 0
[2016-11-17 00:49:10] EDIT app2/views/default/index.html: 3
[2016-11-17 00:51:13] EDIT app2/controllers/default.py: 0
[2016-11-17 00:51:14] EDIT app2/controllers/default.py: 0
[2016-11-17 00:51:37] EDIT app2/controllers/default.py: 0
[2016-11-17 00:51:53] EDIT app2/controllers/default.py: 0
[2016-11-17 00:52:33] EDIT app2/controllers/default.py: 0
[2016-11-17 00:52:43] EDIT app2/controllers/default.py: 0
[2016-11-17 00:54:26] EDIT app2/controllers/default.py: 0
[2016-11-17 00:54:50] EDIT app2/controllers/default.py: 0
[2016-11-17 00:55:05] EDIT app2/controllers/default.py: 0
[2016-11-17 00:55:17] EDIT app2/views/default/index.html: 44
[2016-11-17 00:56:09] EDIT app2/controllers/default.py: 0
[2016-11-17 00:56:35] EDIT app2/controllers/default.py: 0
[2016-11-17 00:57:36] EDIT app2/controllers/default.py: 1
[2016-11-17 00:58:16] EDIT app2/views/default/index.html: -46
[2016-11-17 01:00:15] EDIT app2/controllers/default.py: 0
[2016-11-17 01:02:38] EDIT app2/controllers/default.py: 0
[2016-11-17 01:03:36] EDIT app2/controllers/default.py: 0
[2016-11-17 01:04:17] EDIT app2/controllers/default.py: 0
[2016-11-17 01:04:35] EDIT app2/views/default/index.html: 1
[2016-11-17 01:05:33] EDIT app2/controllers/default.py: -2
[2016-11-17 01:05:52] EDIT app2/controllers/default.py: 1
[2016-11-17 01:06:52] EDIT app2/views/default/index.html: -2
[2016-11-17 01:07:50] EDIT app2/views/default/index.html: 1
[2016-11-17 01:08:25] EDIT app2/controllers/default.py: 2
[2016-11-17 01:08:36] EDIT app2/controllers/default.py: 0
[2016-11-17 01:08:56] EDIT app2/views/default/index.html: 1
[2016-11-17 01:10:32] EDIT app2/controllers/default.py: 0
[2016-11-17 01:11:02] EDIT app2/controllers/default.py: 1
[2016-11-17 01:13:02] EDIT app2/views/default/index.html: -1
[2016-11-17 01:15:16] EDIT app2/views/default/index.html: -1
[2016-11-17 01:19:09] EDIT app2/controllers/default.py: 0
[2016-11-17 01:19:31] EDIT app2/views/default/index.html: 0
[2016-11-17 01:20:09] EDIT app2/controllers/default.py: -1
[2016-11-17 01:21:57] EDIT app2/views/default/index.html: 3
[2016-11-17 01:26:58] EDIT app2/controllers/default.py: -1
[2016-11-17 01:29:47] EDIT app2/views/default/index.html: 0
[2016-11-17 01:34:14] EDIT app2/views/default/index.html: 5
[2016-11-17 01:35:05] EDIT app2/views/default/index.html: 0
[2016-11-17 01:37:22] EDIT app2/views/default/index.html: 2
[2016-11-17 01:38:26] EDIT app2/views/default/index.html: 0
[2016-11-17 01:38:43] EDIT app2/views/default/index.html: 0
[2016-11-17 01:38:48] EDIT app2/views/default/index.html: 0
[2016-11-17 01:43:12] EDIT app2/controllers/default.py: 3
[2016-11-17 01:45:22] EDIT app2/views/default/index.html: 0
[2016-11-17 01:46:03] EDIT app2/views/default/index.html: 0
[2016-11-17 01:46:33] EDIT app2/views/default/index.html: 0
[2016-11-17 01:47:23] EDIT app2/controllers/default.py: 0
[2016-11-17 01:48:15] EDIT app2/controllers/default.py: 0
[2016-11-17 01:49:08] EDIT app2/controllers/default.py: 0
[2016-11-17 01:50:11] EDIT app2/controllers/default.py: 0
[2016-11-17 01:50:42] EDIT app2/controllers/default.py: 0
[2016-11-17 01:51:06] EDIT app2/controllers/default.py: 0
[2016-11-17 01:58:20] CREATE default/show.html: 0
[2016-11-17 02:00:51] EDIT app2/views/default/show.html: 2
[2016-11-17 02:01:20] EDIT app2/views/default/show.html: 1
[2016-11-17 02:01:46] EDIT app2/views/default/show.html: 0
[2016-11-17 02:02:07] EDIT app2/views/default/show.html: 0
[2016-11-17 02:06:14] EDIT app2/controllers/default.py: 2
[2016-11-17 02:06:48] EDIT app2/controllers/default.py: -2
[2016-11-17 02:07:17] EDIT app2/controllers/default.py: 3
[2016-11-17 02:07:28] EDIT app2/controllers/default.py: 0
[2016-11-17 02:08:58] CREATE default/create.html: 0
[2016-11-17 02:09:43] EDIT app2/views/default/create.html: 2
[2016-11-17 02:10:00] EDIT app2/controllers/default.py: -1
[2016-11-17 02:12:40] EDIT app2/views/default/index.html: -2
[2016-11-17 02:14:10] EDIT app2/controllers/default.py: 1
[2016-11-17 02:15:19] EDIT app2/models/menu.py: 0
[2016-11-17 02:16:01] EDIT app2/models/menu.py: 0
[2016-11-17 02:21:01] EDIT app2/controllers/default.py: 2
[2016-11-17 02:21:43] EDIT app2/controllers/default.py: 1
[2016-11-17 02:25:01] EDIT app2/controllers/default.py: 3
[2016-11-17 02:26:03] EDIT app2/controllers/default.py: 0
[2016-11-17 02:26:17] EDIT app2/controllers/default.py: 0
[2016-11-17 02:26:22] EDIT app2/controllers/default.py: 0
[2016-11-17 02:29:01] EDIT app2/controllers/default.py: 1
[2016-11-17 02:29:44] EDIT app2/controllers/default.py: 0
[2016-11-17 02:39:54] EDIT app2/models/db1.py: 3
[2016-11-17 02:40:15] EDIT app2/models/db1.py: 0
[2016-11-17 02:41:33] EDIT app2/models/db1.py: -3
[2016-11-17 02:45:26] EDIT app2/views/default/index.html: 0
[2016-11-17 02:45:53] EDIT app2/views/default/index.html: 0
[2016-11-17 02:49:06] EDIT app2/models/db1.py: 3
[2016-11-17 02:49:33] EDIT app2/models/db1.py: 0
[2016-11-17 02:49:53] EDIT app2/views/default/index.html: 0
[2016-11-17 02:50:06] EDIT app2/views/default/index.html: 0
[2016-11-17 02:50:20] EDIT app2/models/db1.py: 0
[2016-11-17 02:51:15] EDIT app2/models/db1.py: -3
[2016-11-17 02:51:32] EDIT app2/views/default/index.html: 0
[2016-11-17 02:53:10] EDIT app2/views/default/index.html: 0
[2016-11-17 02:55:30] EDIT app2/views/default/show.html: 0
[2016-11-17 02:55:45] EDIT app2/views/default/show.html: 0
[2016-11-17 02:56:34] EDIT app2/views/default/show.html: 0
[2016-11-17 02:59:06] EDIT app2/controllers/default.py: -3
[2016-11-17 03:01:21] EDIT app2/views/default/show.html: 0
[2016-11-17 03:02:16] EDIT app2/views/default/show.html: 0
[2016-11-17 03:04:16] EDIT app2/models/menu.py: 0
[2016-11-17 03:06:57] EDIT app2/views/default/show.html: 0
[2016-11-17 03:17:28] EDIT app2/views/default/show.html: 0
[2016-11-17 03:18:10] EDIT app2/views/default/show.html: 0
[2016-11-17 03:18:11] EDIT app2/views/default/show.html: 0
[2016-11-17 03:21:24] EDIT app2/views/default/show.html: 0
[2016-11-17 03:25:54] EDIT app2/views/default/show.html: -2
[2016-11-17 03:31:30] EDIT app2/controllers/default.py: 0
[2016-11-17 03:32:18] EDIT app2/controllers/default.py: 2
[2016-11-17 03:32:40] EDIT app2/controllers/default.py: 0
[2016-11-17 03:34:10] EDIT app2/controllers/default.py: 1
[2016-11-17 03:36:19] EDIT app2/models/menu.py: 1
[2016-11-17 03:36:41] EDIT app2/models/menu.py: 0
[2016-11-17 03:39:20] EDIT app2/controllers/default.py: 0
[2016-11-17 03:41:22] EDIT app2/models/menu.py: 1
[2016-11-17 03:41:43] EDIT app2/models/menu.py: 0
[2016-11-17 03:47:15] EDIT app2/models/db1.py: 5
[2016-11-17 03:54:59] EDIT app2/controllers/default.py: 5
[2016-11-17 03:55:23] EDIT app2/models/db1.py: 0
[2016-11-17 03:57:36] EDIT app2/views/default/show.html: 2
[2016-11-17 03:58:40] EDIT app2/controllers/default.py: 0
[2016-11-17 03:59:02] EDIT app2/controllers/default.py: 0
[2016-11-17 03:59:02] EDIT app2/controllers/default.py: 0
[2016-11-17 03:59:21] EDIT app2/controllers/default.py: 0
[2016-11-17 03:59:33] EDIT app2/views/default/show.html: -1
[2016-11-17 03:59:43] EDIT app2/controllers/default.py: 0
[2016-11-17 04:00:22] EDIT app2/controllers/default.py: 0
[2016-11-17 04:00:22] EDIT app2/controllers/default.py: 0
[2016-11-17 04:00:22] EDIT app2/controllers/default.py: 0
[2016-11-17 04:00:22] EDIT app2/controllers/default.py: 0
[2016-11-17 04:00:40] EDIT app2/controllers/default.py: 0
[2016-11-17 04:00:55] EDIT app2/views/default/show.html: 1
[2016-11-17 04:04:00] EDIT app2/views/default/show.html: 4
[2016-11-17 04:04:17] EDIT app2/views/default/show.html: 0
[2016-11-17 04:06:09] EDIT app2/views/default/show.html: 3
[2016-11-17 04:06:13] EDIT app2/views/default/show.html: 0
[2016-11-17 04:06:50] EDIT app2/views/default/show.html: 0
[2016-11-17 04:12:06] EDIT app2/views/default/show.html: 0
[2016-11-17 04:14:25] CREATE default/manage.html: 0
[2016-11-17 04:16:17] EDIT app2/views/default/manage.html: 2
[2016-11-17 04:31:47] EDIT app2/views/layout.html: 0
[2016-11-17 04:32:21] EDIT app2/views/layout.html: 0
[2016-11-17 04:32:21] EDIT app2/views/layout.html: 0
[2016-11-17 23:19:45] EDIT codeblog/views/default/index.html: 1
[2016-11-17 23:20:11] EDIT codeblog/views/default/index.html: 0
[2016-11-17 23:20:52] EDIT codeblog/views/default/index.html: 0
[2016-11-17 23:25:03] EDIT codeblog/views/default/index.html: 0
[2016-11-17 23:25:08] EDIT codeblog/views/default/index.html: 0
[2016-11-17 23:27:53] EDIT codeblog/models/menu.py: 0
[2016-11-17 23:29:09] EDIT codeblog/models/menu.py: 0
[2016-11-17 23:30:16] EDIT codeblog/models/db1.py: 0
[2016-11-17 23:30:42] EDIT codeblog/models/db1.py: 0
[2016-11-17 23:36:12] EDIT codeblog/models/db1.py: 0
[2016-11-17 23:37:16] EDIT codeblog/views/default/show.html: 3
[2016-11-17 23:37:44] EDIT codeblog/views/default/show.html: -1
[2016-11-17 23:39:41] EDIT codeblog/controllers/default.py: 1
[2016-11-17 23:45:24] EDIT codeblog/views/default/show.html: 0
[2016-11-17 05:22:41] EDIT test/views/default/show.html: 0
[2016-11-17 05:23:56] EDIT test/models/db1.py: 0
[2016-11-17 05:24:09] EDIT test/views/default/show.html: 0
[2016-11-17 05:25:18] EDIT test/views/default/show.html: 0
[2016-11-17 05:25:28] EDIT test/models/db1.py: 0
[2016-11-17 05:26:43] EDIT test/views/default/show.html: 0
[2016-11-17 05:27:08] EDIT test/views/default/show.html: 0
[2016-11-17 05:27:18] EDIT test/models/db1.py: 0
[2016-11-17 05:28:16] EDIT test/models/menu.py: 0
[2016-11-17 05:28:27] EDIT test/models/menu.py: 0
[2016-11-17 05:28:28] EDIT test/models/menu.py: 0
[2016-11-17 05:29:01] EDIT test/models/menu.py: 0
[2016-11-17 05:29:01] EDIT test/models/menu.py: 0
[2016-11-17 05:29:02] EDIT test/models/menu.py: 0
[2016-11-18 00:08:05] EDIT codeblog/views/default/show.html: 3
[2016-11-18 05:40:21] EDIT codeblog/views/default/show.html: 0
[2016-11-18 06:51:34] EDIT codeblog/views/default/index.html: 5
[2016-11-19 13:24:33] CREATE default/ad.html: 0
[2016-11-19 13:25:54] EDIT codeblog/views/default/index.html: 9
[2016-11-20 09:28:27] EDIT codeblog/views/default/index.html: -9
[2016-11-20 09:31:31] EDIT codeblog/views/layout.html: 0
[2016-11-28 18:05:09] EDIT codeblog/views/default/show.html: 1
[2016-11-28 18:06:17] EDIT codeblog/views/default/show.html: -1
